
  .   ____          _            __ _ _
 /\\ / ___'_ __ _ _(_)_ __  __ _ \ \ \ \
( ( )\___ | '_ | '_| | '_ \/ _` | \ \ \ \
 \\/  ___)| |_)| | | | | || (_| |  ) ) ) )
  '  |____| .__|_| |_|_| |_\__, | / / / /
 =========|_|==============|___/=/_/_/_/

 :: Spring Boot ::                (v3.4.4)

2026-05-04T11:14:58.304+09:00  INFO 26228 --- [sb-ecom] [           main] c.ecommerce.project.SbEcomApplication    : Starting SbEcomApplication v0.0.1-SNAPSHOT using Java 21.0.6 with PID 26228 (C:\ams\project\eCommerce_springboot-master\target\sb-ecom-0.0.1-SNAPSHOT.jar started by Beaulabs in C:\ams\project\eCommerce_springboot-master)
2026-05-04T11:14:58.306+09:00  INFO 26228 --- [sb-ecom] [           main] c.ecommerce.project.SbEcomApplication    : No active profile set, falling back to 1 default profile: "default"
2026-05-04T11:14:58.873+09:00  INFO 26228 --- [sb-ecom] [           main] .s.d.r.c.RepositoryConfigurationDelegate : Bootstrapping Spring Data JPA repositories in DEFAULT mode.
2026-05-04T11:14:58.943+09:00  INFO 26228 --- [sb-ecom] [           main] .s.d.r.c.RepositoryConfigurationDelegate : Finished Spring Data repository scanning in 50 ms. Found 10 JPA repository interfaces.
2026-05-04T11:14:59.461+09:00  INFO 26228 --- [sb-ecom] [           main] o.s.b.w.embedded.tomcat.TomcatWebServer  : Tomcat initialized with port 8080 (http)
2026-05-04T11:14:59.484+09:00  INFO 26228 --- [sb-ecom] [           main] o.apache.catalina.core.StandardService   : Starting service [Tomcat]
2026-05-04T11:14:59.485+09:00  INFO 26228 --- [sb-ecom] [           main] o.apache.catalina.core.StandardEngine    : Starting Servlet engine: [Apache Tomcat/10.1.39]
2026-05-04T11:14:59.514+09:00  INFO 26228 --- [sb-ecom] [           main] o.a.c.c.C.[Tomcat].[localhost].[/]       : Initializing Spring embedded WebApplicationContext
2026-05-04T11:14:59.516+09:00  INFO 26228 --- [sb-ecom] [           main] w.s.c.ServletWebServerApplicationContext : Root WebApplicationContext: initialization completed in 1180 ms
2026-05-04T11:14:59.709+09:00  INFO 26228 --- [sb-ecom] [           main] o.hibernate.jpa.internal.util.LogHelper  : HHH000204: Processing PersistenceUnitInfo [name: default]
2026-05-04T11:14:59.786+09:00  INFO 26228 --- [sb-ecom] [           main] org.hibernate.Version                    : HHH000412: Hibernate ORM core version 6.6.11.Final
2026-05-04T11:14:59.840+09:00  INFO 26228 --- [sb-ecom] [           main] o.h.c.internal.RegionFactoryInitiator    : HHH000026: Second-level cache disabled
2026-05-04T11:15:00.131+09:00  INFO 26228 --- [sb-ecom] [           main] o.s.o.j.p.SpringPersistenceUnitInfo      : No LoadTimeWeaver setup: ignoring JPA class transformer
2026-05-04T11:15:00.180+09:00  INFO 26228 --- [sb-ecom] [           main] com.zaxxer.hikari.HikariDataSource       : HikariPool-1 - Starting...
2026-05-04T11:15:00.352+09:00  INFO 26228 --- [sb-ecom] [           main] com.zaxxer.hikari.pool.HikariPool        : HikariPool-1 - Added connection conn0: url=jdbc:h2:file:./data/ecommerce-db user=SA
2026-05-04T11:15:00.354+09:00  INFO 26228 --- [sb-ecom] [           main] com.zaxxer.hikari.HikariDataSource       : HikariPool-1 - Start completed.
2026-05-04T11:15:00.370+09:00  WARN 26228 --- [sb-ecom] [           main] org.hibernate.orm.deprecation            : HHH90000025: H2Dialect does not need to be specified explicitly using 'hibernate.dialect' (remove the property setting and it will be selected by default)
2026-05-04T11:15:00.383+09:00  INFO 26228 --- [sb-ecom] [           main] org.hibernate.orm.connections.pooling    : HHH10001005: Database info:
	Database JDBC URL [Connecting through datasource 'HikariDataSource (HikariPool-1)']
	Database driver: undefined/unknown
	Database version: 2.3.232
	Autocommit mode: undefined/unknown
	Isolation level: undefined/unknown
	Minimum pool size: undefined/unknown
	Maximum pool size: undefined/unknown
2026-05-04T11:15:01.181+09:00  INFO 26228 --- [sb-ecom] [           main] o.h.e.t.j.p.i.JtaPlatformInitiator       : HHH000489: No JTA platform available (set 'hibernate.transaction.jta.platform' to enable JTA platform integration)
2026-05-04T11:15:01.251+09:00  INFO 26228 --- [sb-ecom] [           main] j.LocalContainerEntityManagerFactoryBean : Initialized JPA EntityManagerFactory for persistence unit 'default'
2026-05-04T11:15:01.740+09:00  INFO 26228 --- [sb-ecom] [           main] o.s.d.j.r.query.QueryEnhancerFactory     : Hibernate is in classpath; If applicable, HQL parser will be used.
2026-05-04T11:15:02.222+09:00  INFO 26228 --- [sb-ecom] [           main] eAuthenticationProviderManagerConfigurer : Global AuthenticationManager configured with AuthenticationProvider bean with name authenticationProvider
2026-05-04T11:15:02.234+09:00  WARN 26228 --- [sb-ecom] [           main] r$InitializeUserDetailsManagerConfigurer : Global AuthenticationManager configured with an AuthenticationProvider bean. UserDetailsService beans will not be used by Spring Security for automatically configuring username/password login. Consider removing the AuthenticationProvider bean. Alternatively, consider using the UserDetailsService in a manually instantiated DaoAuthenticationProvider. If the current configuration is intentional, to turn off this warning, increase the logging level of 'org.springframework.security.config.annotation.authentication.configuration.InitializeUserDetailsBeanManagerConfigurer' to ERROR
2026-05-04T11:15:02.343+09:00  WARN 26228 --- [sb-ecom] [           main] JpaBaseConfiguration$JpaWebConfiguration : spring.jpa.open-in-view is enabled by default. Therefore, database queries may be performed during view rendering. Explicitly configure spring.jpa.open-in-view to disable this warning
2026-05-04T11:15:02.677+09:00  WARN 26228 --- [sb-ecom] [           main] o.s.s.c.a.web.builders.WebSecurity       : You are asking Spring Security to ignore Deferred [Mvc [pattern='/v2/api-docs'], Ant [pattern='/v2/api-docs']]. This is not recommended -- please use permitAll via HttpSecurity#authorizeHttpRequests instead.
2026-05-04T11:15:02.680+09:00  WARN 26228 --- [sb-ecom] [           main] o.s.s.c.a.web.builders.WebSecurity       : You are asking Spring Security to ignore Deferred [Mvc [pattern='/configuration/ui'], Ant [pattern='/configuration/ui']]. This is not recommended -- please use permitAll via HttpSecurity#authorizeHttpRequests instead.
2026-05-04T11:15:02.681+09:00  WARN 26228 --- [sb-ecom] [           main] o.s.s.c.a.web.builders.WebSecurity       : You are asking Spring Security to ignore Deferred [Mvc [pattern='/swagger-resources/**'], Ant [pattern='/swagger-resources/**']]. This is not recommended -- please use permitAll via HttpSecurity#authorizeHttpRequests instead.
2026-05-04T11:15:02.681+09:00  WARN 26228 --- [sb-ecom] [           main] o.s.s.c.a.web.builders.WebSecurity       : You are asking Spring Security to ignore Deferred [Mvc [pattern='/configuration/security'], Ant [pattern='/configuration/security']]. This is not recommended -- please use permitAll via HttpSecurity#authorizeHttpRequests instead.
2026-05-04T11:15:02.682+09:00  WARN 26228 --- [sb-ecom] [           main] o.s.s.c.a.web.builders.WebSecurity       : You are asking Spring Security to ignore Deferred [Mvc [pattern='/swagger-ui.html'], Ant [pattern='/swagger-ui.html']]. This is not recommended -- please use permitAll via HttpSecurity#authorizeHttpRequests instead.
2026-05-04T11:15:02.682+09:00  WARN 26228 --- [sb-ecom] [           main] o.s.s.c.a.web.builders.WebSecurity       : You are asking Spring Security to ignore Deferred [Mvc [pattern='/webjars/**'], Ant [pattern='/webjars/**']]. This is not recommended -- please use permitAll via HttpSecurity#authorizeHttpRequests instead.
2026-05-04T11:15:02.905+09:00  INFO 26228 --- [sb-ecom] [           main] o.s.b.a.h2.H2ConsoleAutoConfiguration    : H2 console available at '/h2-console'. Database available at 'jdbc:h2:file:./data/ecommerce-db'
2026-05-04T11:15:02.974+09:00  INFO 26228 --- [sb-ecom] [           main] o.s.b.w.embedded.tomcat.TomcatWebServer  : Tomcat started on port 8080 (http) with context path '/'
2026-05-04T11:15:02.988+09:00  INFO 26228 --- [sb-ecom] [           main] c.ecommerce.project.SbEcomApplication    : Started SbEcomApplication in 5.012 seconds (process running for 5.427)
2026-05-04T11:15:14.390+09:00  INFO 26228 --- [sb-ecom] [nio-8080-exec-1] o.a.c.c.C.[Tomcat].[localhost].[/]       : Initializing Spring DispatcherServlet 'dispatcherServlet'
2026-05-04T11:15:14.391+09:00  INFO 26228 --- [sb-ecom] [nio-8080-exec-1] o.s.web.servlet.DispatcherServlet        : Initializing Servlet 'dispatcherServlet'
2026-05-04T11:15:14.392+09:00  INFO 26228 --- [sb-ecom] [nio-8080-exec-1] o.s.web.servlet.DispatcherServlet        : Completed initialization in 1 ms
Validate
Validate
Validate
Validate
Validate
Validate
Validate
Validate
Validate
Validate
Validate
Validate
Validate
Validate
Validate
Validate
Validate
Validate
Validate
Validate
Validate
Validate
Validate
Validate
Validate
Validate
Validate
Validate
Validate
Validate
Validate
Validate
Validate
Validate
Validate
Validate
Validate
Validate
Validate
Validate
Validate
Validate
Validate
Validate
Validate
Validate
Validate
Validate
Validate
Validate
Validate
Validate
Validate
Validate
Validate
Validate
Validate
Validate
Validate
Validate
Validate
Validate
Validate
Validate
Validate
Validate
Validate
Validate
Validate
Validate
Validate
Validate
Validate
Validate
Validate
Validate
Validate
Validate
Validate
Validate
Validate
Validate
Validate
Validate
Validate
Validate
Validate
Validate
Validate
Validate
Validate
Validate
Validate
Validate
Validate
Validate
Validate
Validate
Validate
Validate
Validate
Validate
Validate
Validate
Validate
Validate
Validate
Validate
Validate
Validate
Validate
Validate
Validate
Validate
Validate
Validate
Validate
Validate
Validate
Validate
Validate
Validate
Validate
Validate
Validate
Validate
Validate
Validate
Validate
Validate
Validate
Validate
Validate
Validate
Validate
Validate
Validate
Validate
Validate
Validate
Validate
Validate
Validate
Validate
Validate
Validate
Validate
Validate
Validate
Validate
Validate
Validate
Validate
Validate
Validate
Validate
